<?xml version="1.0" encoding="UTF-8"?>
<testng-results ignored="0" total="0" passed="0" failed="0" skipped="0">
  <reporter-output>
  </reporter-output>
  <suite started-at="2025-08-27T15:04:26 EDT" name="Regression Suite" finished-at="2025-08-27T15:04:26 EDT" duration-ms="10">
    <groups>
    </groups>
    <test started-at="2025-08-27T15:04:26 EDT" name="Name" finished-at="2025-08-27T15:04:26 EDT" duration-ms="10">
    </test> <!-- Name -->
  </suite> <!-- Regression Suite -->
</testng-results>
