<?xml version="1.0" encoding="UTF-8"?>
<testsuite xmlns:xsi="http://www.w3.org/2001/XMLSchema-instance" xsi:noNamespaceSchemaLocation="https://maven.apache.org/surefire/maven-surefire-plugin/xsd/surefire-test-report-3.0.xsd" version="3.0" name="TestSuite" time="45.633" tests="8" errors="0" skipped="0" failures="0">
  <properties>
[...]
</properties>
  <testcase name="regressionTestForAllApprenticeshipLinks_CheckNavigationFunctionality" classname="org.catalyte.io.tests.scenarios.ApprenticeshipsPageTests" time="22.14">
    <system-err><![CDATA[SLF4J: Failed to load class "org.slf4j.impl.StaticLoggerBinder".
SLF4J: Defaulting to no-operation (NOP) logger implementation
SLF4J: See http://www.slf4j.org/codes.html#StaticLoggerBinder for further details.
Sep 03, 2025 2:30:59 PM org.openqa.selenium.devtools.CdpVersionFinder findNearestMatch
WARNING: Unable to find CDP implementation matching 139
Sep 03, 2025 2:30:59 PM org.openqa.selenium.chromium.ChromiumDriver lambda$new$5
WARNING: Unable to find version of CDP to use for 139.0.7258.139. You may need to include a dependency on a specific version of the CDP using something similar to `org.seleniumhq.selenium:selenium-devtools-v86:4.23.0` where the version ("v86") matches the version of the chromium-based browser you're using and the version number of the artifact is the same as Selenium's.
Sep 03, 2025 2:31:04 PM org.catalyte.io.tests.scenarios.ApprenticeshipsPageTests regressionTestForAllApprenticeshipLinks_CheckNavigationFunctionality
INFO: Found apprenticeships: 6[Software development, Digital media, IT services, Project management, Cybersecurity, Sales]
Sep 03, 2025 2:31:04 PM org.catalyte.io.tests.scenarios.ApprenticeshipsPageTests regressionTestForAllApprenticeshipLinks_CheckNavigationFunctionality
INFO: Testing apprenticeship: Software development
Sep 03, 2025 2:31:08 PM org.catalyte.io.tests.scenarios.ApprenticeshipsPageTests regressionTestForAllApprenticeshipLinks_CheckNavigationFunctionality
INFO: Pages tested successfully: 1 of 6
Sep 03, 2025 2:31:08 PM org.catalyte.io.tests.scenarios.ApprenticeshipsPageTests regressionTestForAllApprenticeshipLinks_CheckNavigationFunctionality
INFO: Testing apprenticeship: Digital media
Sep 03, 2025 2:31:12 PM org.catalyte.io.tests.scenarios.ApprenticeshipsPageTests regressionTestForAllApprenticeshipLinks_CheckNavigationFunctionality
INFO: Pages tested successfully: 2 of 6
Sep 03, 2025 2:31:12 PM org.catalyte.io.tests.scenarios.ApprenticeshipsPageTests regressionTestForAllApprenticeshipLinks_CheckNavigationFunctionality
INFO: Testing apprenticeship: IT services
Sep 03, 2025 2:31:19 PM org.catalyte.io.tests.scenarios.ApprenticeshipsPageTests regressionTestForAllApprenticeshipLinks_CheckNavigationFunctionality
INFO: Pages tested successfully: 3 of 6
Sep 03, 2025 2:31:19 PM org.catalyte.io.tests.scenarios.ApprenticeshipsPageTests regressionTestForAllApprenticeshipLinks_CheckNavigationFunctionality
INFO: Testing apprenticeship: Project management
Sep 03, 2025 2:31:21 PM org.catalyte.io.tests.scenarios.ApprenticeshipsPageTests regressionTestForAllApprenticeshipLinks_CheckNavigationFunctionality
INFO: Pages tested successfully: 4 of 6
Sep 03, 2025 2:31:21 PM org.catalyte.io.tests.scenarios.ApprenticeshipsPageTests regressionTestForAllApprenticeshipLinks_CheckNavigationFunctionality
INFO: Testing apprenticeship: Cybersecurity
Sep 03, 2025 2:31:23 PM org.catalyte.io.tests.scenarios.ApprenticeshipsPageTests regressionTestForAllApprenticeshipLinks_CheckNavigationFunctionality
INFO: Pages tested successfully: 5 of 6
Sep 03, 2025 2:31:23 PM org.catalyte.io.tests.scenarios.ApprenticeshipsPageTests regressionTestForAllApprenticeshipLinks_CheckNavigationFunctionality
INFO: Testing apprenticeship: Sales
Sep 03, 2025 2:31:26 PM org.catalyte.io.tests.scenarios.ApprenticeshipsPageTests regressionTestForAllApprenticeshipLinks_CheckNavigationFunctionality
INFO: Pages tested successfully: 6 of 6
]]></system-err>
  </testcase>
  <testcase name="verifyAllKeyElementsOfHowItWorksSectionPresent" classname="org.catalyte.io.tests.scenarios.ApprenticeshipsPageTests" time="0.099"/>
  <testcase name="testAccordionsExistLenient" classname="org.catalyte.io.tests.scenarios.HireApprenticeSectionTests" time="0.214">
    <system-err><![CDATA[Sep 03, 2025 2:31:28 PM org.openqa.selenium.devtools.CdpVersionFinder findNearestMatch
WARNING: Unable to find CDP implementation matching 139
Sep 03, 2025 2:31:28 PM org.openqa.selenium.chromium.ChromiumDriver lambda$new$5
WARNING: Unable to find version of CDP to use for 139.0.7258.139. You may need to include a dependency on a specific version of the CDP using something similar to `org.seleniumhq.selenium:selenium-devtools-v86:4.23.0` where the version ("v86") matches the version of the chromium-based browser you're using and the version number of the artifact is the same as Selenium's.
]]></system-err>
  </testcase>
  <testcase name="testImagesExistLenient" classname="org.catalyte.io.tests.scenarios.HireApprenticeSectionTests" time="0.188"/>
  <testcase name="testMenuTextItemsLenient" classname="org.catalyte.io.tests.scenarios.HireApprenticeSectionTests" time="0.028"/>
  <testcase name="testVideosExistLenient" classname="org.catalyte.io.tests.scenarios.HireApprenticeSectionTests" time="0.105"/>
  <testcase name="testWorkWithUsButtonDisplayedAndFunctionsLenient" classname="org.catalyte.io.tests.scenarios.HireApprenticeSectionTests" time="1.334"/>
  <testcase name="compareBaselineWithLivePageLenientThreshold" classname="org.catalyte.io.tests.unit.HomepageDOMComparisonTest" time="2.112">
    <system-err><![CDATA[Sep 03, 2025 2:31:34 PM org.openqa.selenium.devtools.CdpVersionFinder findNearestMatch
WARNING: Unable to find CDP implementation matching 139
Sep 03, 2025 2:31:34 PM org.openqa.selenium.chromium.ChromiumDriver lambda$new$5
WARNING: Unable to find version of CDP to use for 139.0.7258.139. You may need to include a dependency on a specific version of the CDP using something similar to `org.seleniumhq.selenium:selenium-devtools-v86:4.23.0` where the version ("v86") matches the version of the chromium-based browser you're using and the version number of the artifact is the same as Selenium's.
Sep 03, 2025 2:31:36 PM org.openqa.selenium.devtools.CdpVersionFinder findNearestMatch
WARNING: Unable to find CDP implementation matching 139
Sep 03, 2025 2:31:36 PM org.openqa.selenium.chromium.ChromiumDriver lambda$new$5
WARNING: Unable to find version of CDP to use for 139.0.7258.139. You may need to include a dependency on a specific version of the CDP using something similar to `org.seleniumhq.selenium:selenium-devtools-v86:4.23.0` where the version ("v86") matches the version of the chromium-based browser you're using and the version number of the artifact is the same as Selenium's.
Sep 03, 2025 2:31:40 PM org.catalyte.io.tests.unit.HomepageDOMComparisonTest compareBaselineWithLivePageLenientThreshold
INFO: Starting DOM comparison test...
Sep 03, 2025 2:31:40 PM org.catalyte.io.tests.unit.HomepageDOMComparisonTest compareBaselineWithLivePageLenientThreshold
WARNING: Warning: Text might have changed or missing: "Get hiredLearn about our apprenticeships"
Sep 03, 2025 2:31:40 PM org.catalyte.io.tests.unit.HomepageDOMComparisonTest compareBaselineWithLivePageLenientThreshold
WARNING: Warning: Text might have changed or missing: "Consumer Nike"
Sep 03, 2025 2:31:40 PM org.catalyte.io.tests.unit.HomepageDOMComparisonTest compareBaselineWithLivePageLenientThreshold
WARNING: Warning: Text might have changed or missing: "FAQsWe have answers"
Sep 03, 2025 2:31:40 PM org.catalyte.io.tests.unit.HomepageDOMComparisonTest compareBaselineWithLivePageLenientThreshold
WARNING: Warning: Text might have changed or missing: "PartnersAllies for change"
Sep 03, 2025 2:31:40 PM org.catalyte.io.tests.unit.HomepageDOMComparisonTest compareBaselineWithLivePageLenientThreshold
WARNING: Warning: Number of major sections changed: baseline=15, live=16
]]></system-err>
  </testcase>
</testsuite>