<?xml version="1.0" encoding="UTF-8"?>
<!-- Generated by org.testng.reporters.JUnitXMLReporter -->
<testsuite ignored="0" hostname="LT50548" failures="0" tests="12" name="Surefire test" time="70.677" errors="0" timestamp="2025-09-05T15:04:05 EDT">
  <testcase classname="org.catalyte.io.tests.scenarios.ApprenticeshipsPageTests" name="faqAccordion_DisplaysExpectedText" time="1.661"/>
  <testcase classname="org.catalyte.io.tests.scenarios.ApprenticeshipsPageTests" name="regressionTestForAllApprenticeshipLinks_CheckNavigationFunctionality" time="16.184"/>
  <testcase classname="org.catalyte.io.tests.scenarios.ApprenticeshipsPageTests" name="testAllFaqsButtonDisplayedAndFunctionsLenient" time="1.573"/>
  <testcase classname="org.catalyte.io.tests.scenarios.ApprenticeshipsPageTests" name="verifyAllKeyElementsOfHowItWorksSectionPresent" time="0.104"/>
  <testcase classname="org.catalyte.io.tests.scenarios.ApprenticeshipsPageTests" name="verifyAllOpportunityMetricsElementsPresent" time="0.175"/>
  <testcase classname="org.catalyte.io.tests.scenarios.HireApprenticeSectionTests" name="faqAccordion_ExistsAndDisplaysExpectedText" time="1.75"/>
  <testcase classname="org.catalyte.io.tests.scenarios.HireApprenticeSectionTests" name="testAllFaqsButtonDisplayedAndFunctionsLenient" time="0.901"/>
  <testcase classname="org.catalyte.io.tests.scenarios.HireApprenticeSectionTests" name="testImagesExistLenient" time="0.14"/>
  <testcase classname="org.catalyte.io.tests.scenarios.HireApprenticeSectionTests" name="testMenuTextItemsLenient" time="0.059"/>
  <testcase classname="org.catalyte.io.tests.scenarios.HireApprenticeSectionTests" name="testVideosExistLenient" time="0.071"/>
  <testcase classname="org.catalyte.io.tests.scenarios.HireApprenticeSectionTests" name="testWorkWithUsButtonDisplayedAndFunctionsLenient" time="0.884"/>
  <testcase classname="org.catalyte.io.tests.unit.HomepageDOMComparisonTest" name="compareBaselineWithLivePageLenientThreshold" time="2.593"/>
</testsuite> <!-- Surefire test -->
