<?xml version="1.0" encoding="UTF-8"?>
<!-- Generated by org.testng.reporters.JUnitXMLReporter -->
<testsuite ignored="0" hostname="LT50548" failures="0" tests="8" name="Surefire test" time="46.43" errors="0" timestamp="2025-09-03T14:53:40 EDT">
  <testcase classname="org.catalyte.io.tests.scenarios.ApprenticeshipsPageTests" name="regressionTestForAllApprenticeshipLinks_CheckNavigationFunctionality" time="25.858"/>
  <testcase classname="org.catalyte.io.tests.scenarios.ApprenticeshipsPageTests" name="verifyAllKeyElementsOfHowItWorksSectionPresent" time="0.07"/>
  <testcase classname="org.catalyte.io.tests.scenarios.HireApprenticeSectionTests" name="testAccordionsExistLenient" time="0.085"/>
  <testcase classname="org.catalyte.io.tests.scenarios.HireApprenticeSectionTests" name="testImagesExistLenient" time="0.087"/>
  <testcase classname="org.catalyte.io.tests.scenarios.HireApprenticeSectionTests" name="testMenuTextItemsLenient" time="0.03"/>
  <testcase classname="org.catalyte.io.tests.scenarios.HireApprenticeSectionTests" name="testVideosExistLenient" time="0.069"/>
  <testcase classname="org.catalyte.io.tests.scenarios.HireApprenticeSectionTests" name="testWorkWithUsButtonDisplayedAndFunctionsLenient" time="1.354"/>
  <testcase classname="org.catalyte.io.tests.unit.HomepageDOMComparisonTest" name="compareBaselineWithLivePageLenientThreshold" time="3.024"/>
</testsuite> <!-- Surefire test -->
